<?xml version="1.0" encoding="UTF-8"?>
<!-- Generated by org.testng.reporters.JUnitReportReporter -->
<testsuite hostname="LAPTOP-3VNJ0AM7" failures="0" tests="2" name="com.selenium.test.ecommerce_automation.ECommerce" time="19.098" errors="0" timestamp="2025-05-17T19:29:29 IST" skipped="0">
  <testcase classname="com.selenium.test.ecommerce_automation.ECommerce" name="homePage" time="8.926"/>
  <testcase classname="com.selenium.test.ecommerce_automation.ECommerce" name="searchProduct" time="10.172"/>
</testsuite> <!-- com.selenium.test.ecommerce_automation.ECommerce -->
