<?xml version="1.0" encoding="UTF-8"?>
<!-- Generated by org.testng.reporters.JUnitReportReporter -->
<testsuite hostname="LAPTOP-3VNJ0AM7" failures="0" tests="1" name="com.selenium.tests.GoogleSearchTest" time="3.489" errors="0" timestamp="2025-05-17T18:28:06 IST" skipped="0">
  <testcase classname="com.selenium.tests.GoogleSearchTest" name="testGoogleSearch" time="3.489"/>
</testsuite> <!-- com.selenium.tests.GoogleSearchTest -->
