<?xml version="1.0" encoding="UTF-8"?>
<!-- Generated by org.testng.reporters.JUnitReportReporter -->
<testsuite hostname="LAPTOP-3VNJ0AM7" failures="0" tests="1" name="software.Testing.Board.Site.HomePageTests" time="17.615" errors="0" timestamp="2025-05-29T22:32:13 IST" skipped="0">
  <testcase classname="software.Testing.Board.Site.HomePageTests" name="TC_HP_001" time="17.615"/>
</testsuite> <!-- software.Testing.Board.Site.HomePageTests -->
