<?xml version="1.0" encoding="UTF-8"?>
<!-- Generated by org.testng.reporters.JUnitReportReporter -->
<testsuite hostname="INDELNB2016" failures="0" tests="1" name="software.Testing.Board.Site.SignInPageTest" time="37.176" errors="0" timestamp="2025-05-26T22:24:29 IST" skipped="0">
  <testcase classname="software.Testing.Board.Site.SignInPageTest" name="signInTest" time="37.176"/>
</testsuite> <!-- software.Testing.Board.Site.SignInPageTest -->
