<?xml version="1.0" encoding="UTF-8"?>
<!-- Generated by org.testng.reporters.JUnitReportReporter -->
<testsuite hostname="LAPTOP-3VNJ0AM7" failures="0" tests="1" name="com.selenium.test.ecommerce_automation.demoWebShop" time="33.100" errors="0" timestamp="2025-05-24T12:59:55 IST" skipped="0">
  <testcase classname="com.selenium.test.ecommerce_automation.demoWebShop" name="updatePW" time="33.100"/>
</testsuite> <!-- com.selenium.test.ecommerce_automation.demoWebShop -->
