<?xml version="1.0" encoding="UTF-8"?>
<!-- Generated by org.testng.reporters.JUnitReportReporter -->
<testsuite hostname="INDELNB2016" failures="0" tests="1" name="com.selenium.test.ecommerce_automation.demoWebShop" time="19.764" errors="0" timestamp="2025-05-22T19:43:27 IST" skipped="0">
  <testcase classname="com.selenium.test.ecommerce_automation.demoWebShop" name="addToCart" time="19.764"/>
</testsuite> <!-- com.selenium.test.ecommerce_automation.demoWebShop -->
