<?xml version="1.0" encoding="UTF-8"?>
<!-- Generated by org.testng.reporters.JUnitReportReporter -->
<testsuite hostname="LAPTOP-3VNJ0AM7" failures="0" tests="1" name="software.Testing.Board.Site.SignInPageTest" time="14.018" errors="0" timestamp="2025-05-28T20:04:33 IST" skipped="0">
  <testcase classname="software.Testing.Board.Site.SignInPageTest" name="signInTest_TC2" time="14.018"/>
</testsuite> <!-- software.Testing.Board.Site.SignInPageTest -->
