<?xml version="1.0" encoding="UTF-8"?>
<!-- Generated by org.testng.reporters.JUnitReportReporter -->
<testsuite hostname="LAPTOP-3VNJ0AM7" failures="0" tests="5" name="software.Testing.Board.Site.CreateAccountTest" time="50.246" errors="0" timestamp="2025-05-28T20:40:58 IST" skipped="0">
  <testcase classname="software.Testing.Board.Site.CreateAccountTest" name="TC02" time="10.361"/>
  <testcase classname="software.Testing.Board.Site.CreateAccountTest" name="TC01" time="10.134"/>
  <testcase classname="software.Testing.Board.Site.CreateAccountTest" name="TC04" time="8.643"/>
  <testcase classname="software.Testing.Board.Site.CreateAccountTest" name="TC05" time="11.113"/>
  <testcase classname="software.Testing.Board.Site.CreateAccountTest" name="TC03" time="9.995"/>
</testsuite> <!-- software.Testing.Board.Site.CreateAccountTest -->
