<?xml version="1.0" encoding="UTF-8"?>
<!-- Generated by org.testng.reporters.JUnitReportReporter -->
<testsuite hostname="INDELNB2016" failures="0" tests="1" name="com.selenium.test.ecommerce_automation.demoWebShop" time="12.903" errors="0" timestamp="2025-05-20T22:03:21 IST" skipped="0">
  <testcase classname="com.selenium.test.ecommerce_automation.demoWebShop" name="productSearch" time="12.903"/>
</testsuite> <!-- com.selenium.test.ecommerce_automation.demoWebShop -->
