<?xml version="1.0" encoding="UTF-8"?>
<!-- Generated by org.testng.reporters.JUnitReportReporter -->
<testsuite hostname="INDELNB2016" failures="0" tests="1" name="software.Testing.Board.Site.SignInPageTest" time="40.034" errors="0" timestamp="2025-06-02T20:30:57 IST" skipped="0">
  <testcase classname="software.Testing.Board.Site.SignInPageTest" name="signInTest_TC03" time="40.034"/>
</testsuite> <!-- software.Testing.Board.Site.SignInPageTest -->
